4/19/2020 4:37:31 PM: Configuration Read from: C:\Users\Appuser\AppData\Local\Autodesk\AutoCAD 2020\R23.1\enu\Support\infocenter.xml
4/19/2020 4:37:54 PM: ICommunicationCenterConnector.SubAwareServiceUrl does not contain valid URL.
 Attempting to load from registry
4/19/2020 4:37:54 PM: System.Runtime.InteropServices.COMException (0x80040154): Retrieving the COM class factory for component with CLSID {CEE92F99-D9C7-4E46-9AB7-E3F705B9A543} failed due to the following error: 80040154 Class not registered (Exception from HRESULT: 0x80040154 (REGDB_E_CLASSNOTREG)).
   at Autodesk.Private.InfoCenter.CommunicationCenter.InitCommCenter()
4/19/2020 4:37:54 PM: Error executing network check
4/19/2020 4:37:54 PM: Retrieving the COM class factory for component with CLSID {9E928A7C-095E-4F44-81C5-D4F14F4F0265} failed due to the following error: 80040154 Class not registered (Exception from HRESULT: 0x80040154 (REGDB_E_CLASSNOTREG)).
4/19/2020 4:37:54 PM: Error executing network check
4/19/2020 4:37:54 PM: Retrieving the COM class factory for component with CLSID {9E928A7C-095E-4F44-81C5-D4F14F4F0265} failed due to the following error: 80040154 Class not registered (Exception from HRESULT: 0x80040154 (REGDB_E_CLASSNOTREG)).
4/19/2020 6:30:28 PM: Configuration Read from: C:\Users\Appuser\AppData\Local\Autodesk\AutoCAD 2020\R23.1\enu\Support\infocenter.xml
4/19/2020 6:30:37 PM: ICommunicationCenterConnector.SubAwareServiceUrl does not contain valid URL.
 Attempting to load from registry
4/19/2020 6:30:37 PM: System.Runtime.InteropServices.COMException (0x80040154): Retrieving the COM class factory for component with CLSID {CEE92F99-D9C7-4E46-9AB7-E3F705B9A543} failed due to the following error: 80040154 Class not registered (Exception from HRESULT: 0x80040154 (REGDB_E_CLASSNOTREG)).
   at Autodesk.Private.InfoCenter.CommunicationCenter.InitCommCenter()
4/19/2020 6:30:37 PM: Error executing network check
4/19/2020 6:30:37 PM: Retrieving the COM class factory for component with CLSID {9E928A7C-095E-4F44-81C5-D4F14F4F0265} failed due to the following error: 80040154 Class not registered (Exception from HRESULT: 0x80040154 (REGDB_E_CLASSNOTREG)).
4/19/2020 6:30:37 PM: Error executing network check
4/19/2020 6:30:37 PM: Retrieving the COM class factory for component with CLSID {9E928A7C-095E-4F44-81C5-D4F14F4F0265} failed due to the following error: 80040154 Class not registered (Exception from HRESULT: 0x80040154 (REGDB_E_CLASSNOTREG)).
4/19/2020 6:38:48 PM: Configuration Read from: C:\Users\Appuser\AppData\Local\Autodesk\AutoCAD 2020\R23.1\enu\Support\infocenter.xml
4/19/2020 6:38:57 PM: ICommunicationCenterConnector.SubAwareServiceUrl does not contain valid URL.
 Attempting to load from registry
4/19/2020 6:38:57 PM: System.Runtime.InteropServices.COMException (0x80040154): Retrieving the COM class factory for component with CLSID {CEE92F99-D9C7-4E46-9AB7-E3F705B9A543} failed due to the following error: 80040154 Class not registered (Exception from HRESULT: 0x80040154 (REGDB_E_CLASSNOTREG)).
   at Autodesk.Private.InfoCenter.CommunicationCenter.InitCommCenter()
4/19/2020 6:38:57 PM: Error executing network check
4/19/2020 6:38:57 PM: Retrieving the COM class factory for component with CLSID {9E928A7C-095E-4F44-81C5-D4F14F4F0265} failed due to the following error: 80040154 Class not registered (Exception from HRESULT: 0x80040154 (REGDB_E_CLASSNOTREG)).
4/19/2020 6:38:57 PM: Error executing network check
4/19/2020 6:38:57 PM: Retrieving the COM class factory for component with CLSID {9E928A7C-095E-4F44-81C5-D4F14F4F0265} failed due to the following error: 80040154 Class not registered (Exception from HRESULT: 0x80040154 (REGDB_E_CLASSNOTREG)).
4/20/2020 12:18:36 PM: Configuration Read from: C:\Users\Appuser\AppData\Local\Autodesk\AutoCAD 2020\R23.1\enu\Support\infocenter.xml
4/20/2020 12:18:46 PM: ICommunicationCenterConnector.SubAwareServiceUrl does not contain valid URL.
 Attempting to load from registry
4/20/2020 12:18:46 PM: System.Runtime.InteropServices.COMException (0x80040154): Retrieving the COM class factory for component with CLSID {CEE92F99-D9C7-4E46-9AB7-E3F705B9A543} failed due to the following error: 80040154 Class not registered (Exception from HRESULT: 0x80040154 (REGDB_E_CLASSNOTREG)).
   at Autodesk.Private.InfoCenter.CommunicationCenter.InitCommCenter()
4/20/2020 12:18:46 PM: Error executing network check
4/20/2020 12:18:46 PM: Retrieving the COM class factory for component with CLSID {9E928A7C-095E-4F44-81C5-D4F14F4F0265} failed due to the following error: 80040154 Class not registered (Exception from HRESULT: 0x80040154 (REGDB_E_CLASSNOTREG)).
4/20/2020 12:18:46 PM: Error executing network check
4/20/2020 12:18:46 PM: Retrieving the COM class factory for component with CLSID {9E928A7C-095E-4F44-81C5-D4F14F4F0265} failed due to the following error: 80040154 Class not registered (Exception from HRESULT: 0x80040154 (REGDB_E_CLASSNOTREG)).
4/20/2020 2:26:38 PM: Configuration Read from: C:\Users\Appuser\AppData\Local\Autodesk\AutoCAD 2020\R23.1\enu\Support\infocenter.xml
4/20/2020 2:26:47 PM: ICommunicationCenterConnector.SubAwareServiceUrl does not contain valid URL.
 Attempting to load from registry
4/20/2020 2:26:47 PM: System.Runtime.InteropServices.COMException (0x80040154): Retrieving the COM class factory for component with CLSID {CEE92F99-D9C7-4E46-9AB7-E3F705B9A543} failed due to the following error: 80040154 Class not registered (Exception from HRESULT: 0x80040154 (REGDB_E_CLASSNOTREG)).
   at Autodesk.Private.InfoCenter.CommunicationCenter.InitCommCenter()
4/20/2020 2:26:47 PM: Error executing network check
4/20/2020 2:26:47 PM: Retrieving the COM class factory for component with CLSID {9E928A7C-095E-4F44-81C5-D4F14F4F0265} failed due to the following error: 80040154 Class not registered (Exception from HRESULT: 0x80040154 (REGDB_E_CLASSNOTREG)).
4/20/2020 2:26:47 PM: Error executing network check
4/20/2020 2:26:47 PM: Retrieving the COM class factory for component with CLSID {9E928A7C-095E-4F44-81C5-D4F14F4F0265} failed due to the following error: 80040154 Class not registered (Exception from HRESULT: 0x80040154 (REGDB_E_CLASSNOTREG)).
4/27/2020 2:57:16 PM: Configuration Read from: C:\Users\Appuser\AppData\Local\Autodesk\AutoCAD 2020\R23.1\enu\Support\infocenter.xml
4/27/2020 2:57:33 PM: ICommunicationCenterConnector.SubAwareServiceUrl does not contain valid URL.
 Attempting to load from registry
4/27/2020 2:57:33 PM: System.Runtime.InteropServices.COMException (0x80040154): Retrieving the COM class factory for component with CLSID {CEE92F99-D9C7-4E46-9AB7-E3F705B9A543} failed due to the following error: 80040154 Class not registered (Exception from HRESULT: 0x80040154 (REGDB_E_CLASSNOTREG)).
   at Autodesk.Private.InfoCenter.CommunicationCenter.InitCommCenter()
4/27/2020 2:57:33 PM: Error executing network check
4/27/2020 2:57:33 PM: Retrieving the COM class factory for component with CLSID {9E928A7C-095E-4F44-81C5-D4F14F4F0265} failed due to the following error: 80040154 Class not registered (Exception from HRESULT: 0x80040154 (REGDB_E_CLASSNOTREG)).
4/27/2020 2:57:33 PM: Error executing network check
4/27/2020 2:57:33 PM: Retrieving the COM class factory for component with CLSID {9E928A7C-095E-4F44-81C5-D4F14F4F0265} failed due to the following error: 80040154 Class not registered (Exception from HRESULT: 0x80040154 (REGDB_E_CLASSNOTREG)).
4/27/2020 4:15:06 PM: Configuration Read from: C:\Users\Appuser\AppData\Local\Autodesk\AutoCAD 2020\R23.1\enu\Support\infocenter.xml
4/27/2020 4:15:16 PM: ICommunicationCenterConnector.SubAwareServiceUrl does not contain valid URL.
 Attempting to load from registry
4/27/2020 4:15:16 PM: System.Runtime.InteropServices.COMException (0x80040154): Retrieving the COM class factory for component with CLSID {CEE92F99-D9C7-4E46-9AB7-E3F705B9A543} failed due to the following error: 80040154 Class not registered (Exception from HRESULT: 0x80040154 (REGDB_E_CLASSNOTREG)).
   at Autodesk.Private.InfoCenter.CommunicationCenter.InitCommCenter()
4/27/2020 4:15:16 PM: Error executing network check
4/27/2020 4:15:16 PM: Retrieving the COM class factory for component with CLSID {9E928A7C-095E-4F44-81C5-D4F14F4F0265} failed due to the following error: 80040154 Class not registered (Exception from HRESULT: 0x80040154 (REGDB_E_CLASSNOTREG)).
4/27/2020 4:15:16 PM: Error executing network check
4/27/2020 4:15:16 PM: Retrieving the COM class factory for component with CLSID {9E928A7C-095E-4F44-81C5-D4F14F4F0265} failed due to the following error: 80040154 Class not registered (Exception from HRESULT: 0x80040154 (REGDB_E_CLASSNOTREG)).
7/2/2020 3:24:45 PM: Configuration Read from: C:\Users\Appuser\AppData\Local\Autodesk\AutoCAD 2020\R23.1\enu\Support\infocenter.xml
7/2/2020 3:25:02 PM: ICommunicationCenterConnector.SubAwareServiceUrl does not contain valid URL.
 Attempting to load from registry
7/2/2020 3:25:02 PM: System.Runtime.InteropServices.COMException (0x80040154): Retrieving the COM class factory for component with CLSID {CEE92F99-D9C7-4E46-9AB7-E3F705B9A543} failed due to the following error: 80040154 Class not registered (Exception from HRESULT: 0x80040154 (REGDB_E_CLASSNOTREG)).
   at Autodesk.Private.InfoCenter.CommunicationCenter.InitCommCenter()
7/2/2020 3:25:02 PM: Error executing network check
7/2/2020 3:25:02 PM: Retrieving the COM class factory for component with CLSID {9E928A7C-095E-4F44-81C5-D4F14F4F0265} failed due to the following error: 80040154 Class not registered (Exception from HRESULT: 0x80040154 (REGDB_E_CLASSNOTREG)).
7/2/2020 3:25:02 PM: Error executing network check
7/2/2020 3:25:02 PM: Retrieving the COM class factory for component with CLSID {9E928A7C-095E-4F44-81C5-D4F14F4F0265} failed due to the following error: 80040154 Class not registered (Exception from HRESULT: 0x80040154 (REGDB_E_CLASSNOTREG)).
